# JRE version: OpenJDK Runtime Environment Temurin-17.0.16+8 (17.0.16+8) (build 17.0.16+8)
# Java VM: OpenJDK 64-Bit Server VM Temurin-17.0.16+8 (17.0.16+8, mixed mode, emulated-client, sharing, tiered, compressed oops, compressed class ptrs, g1 gc, windows-amd64)
GC Precious Log:
 CPUs: 8 total, 8 available
 Memory: 8043M
 Large Page Support: Disabled
 NUMA Support: Disabled
 Compressed Oops: Enabled (32-bit)
 Heap Region Size: 1M
 Heap Min Capacity: 8M
 Heap Initial Capacity: 126M
 Heap Max Capacity: 2012M
 Pre-touch: Disabled
 Parallel Workers: 8
 Concurrent Workers: 2
 Concurrent Refinement Workers: 8
 Periodic GC: Disabled
Heap:
 garbage-first heap   total 73728K, used 34224K [0x0000000082400000, 0x0000000100000000)
  region size 1024K, 7 young (7168K), 4 survivors (4096K)
 Metaspace       used 69653K, committed 70272K, reserved 1114112K
  class space    used 10123K, committed 10432K, reserved 1048576K
GC Heap History (20 events):
Event: 8.330 GC heap after
{Heap after GC invocations=18 (full 0):
 garbage-first heap   total 58368K, used 30196K [0x0000000082400000, 0x0000000100000000)
  region size 1024K, 3 young (3072K), 3 survivors (3072K)
 Metaspace       used 63638K, committed 64192K, reserved 1114112K
  class space    used 9281K, committed 9536K, reserved 1048576K
}
Event: 8.645 GC heap before
{Heap before GC invocations=19 (full 0):
 garbage-first heap   total 58368K, used 46580K [0x0000000082400000, 0x0000000100000000)
  region size 1024K, 19 young (19456K), 3 survivors (3072K)
 Metaspace       used 65324K, committed 65856K, reserved 1114112K
  class space    used 9540K, committed 9792K, reserved 1048576K
}
Event: 8.649 GC heap after
{Heap after GC invocations=20 (full 0):
 garbage-first heap   total 58368K, used 31994K [0x0000000082400000, 0x0000000100000000)
  region size 1024K, 3 young (3072K), 3 survivors (3072K)
 Metaspace       used 65324K, committed 65856K, reserved 1114112K
  class space    used 9540K, committed 9792K, reserved 1048576K
}
Event: 29.470 GC heap before
{Heap before GC invocations=20 (full 0):
 garbage-first heap   total 58368K, used 46330K [0x0000000082400000, 0x0000000100000000)
  region size 1024K, 18 young (18432K), 3 survivors (3072K)
 Metaspace       used 68105K, committed 68736K, reserved 1114112K
  class space    used 9912K, committed 10240K, reserved 1048576K
}
Event: 29.476 GC heap after
{Heap after GC invocations=21 (full 0):
 garbage-first heap   total 58368K, used 33060K [0x0000000082400000, 0x0000000100000000)
  region size 1024K, 2 young (2048K), 2 survivors (2048K)
 Metaspace       used 68105K, committed 68736K, reserved 1114112K
  class space    used 9912K, committed 10240K, reserved 1048576K
}
Event: 101.880 GC heap before
{Heap before GC invocations=22 (full 0):
 garbage-first heap   total 61440K, used 45348K [0x0000000082400000, 0x0000000100000000)
  region size 1024K, 15 young (15360K), 2 survivors (2048K)
 Metaspace       used 68984K, committed 69504K, reserved 1114112K
  class space    used 10036K, committed 10304K, reserved 1048576K
}
Event: 101.884 GC heap after
{Heap after GC invocations=23 (full 0):
 garbage-first heap   total 61440K, used 33544K [0x0000000082400000, 0x0000000100000000)
  region size 1024K, 2 young (2048K), 2 survivors (2048K)
 Metaspace       used 68984K, committed 69504K, reserved 1114112K
  class space    used 10036K, committed 10304K, reserved 1048576K
}
Event: 118.579 GC heap before
{Heap before GC invocations=23 (full 0):
 garbage-first heap   total 61440K, used 34568K [0x0000000082400000, 0x0000000100000000)
  region size 1024K, 3 young (3072K), 2 survivors (2048K)
 Metaspace       used 68984K, committed 69504K, reserved 1114112K
  class space    used 10036K, committed 10304K, reserved 1048576K
}
Event: 118.588 GC heap after
{Heap after GC invocations=24 (full 0):
 garbage-first heap   total 61440K, used 33333K [0x0000000082400000, 0x0000000100000000)
  region size 1024K, 1 young (1024K), 1 survivors (1024K)
 Metaspace       used 68984K, committed 69504K, reserved 1114112K
  class space    used 10036K, committed 10304K, reserved 1048576K
}
Event: 291.958 GC heap before
{Heap before GC invocations=24 (full 0):
 garbage-first heap   total 61440K, used 44597K [0x0000000082400000, 0x0000000100000000)
  region size 1024K, 14 young (14336K), 1 survivors (1024K)
 Metaspace       used 69180K, committed 69760K, reserved 1114112K
  class space    used 10075K, committed 10368K, reserved 1048576K
}
Event: 294.470 GC heap after
{Heap after GC invocations=25 (full 1):
 garbage-first heap   total 61440K, used 22035K [0x0000000082400000, 0x0000000100000000)
  region size 1024K, 0 young (0K), 0 survivors (0K)
 Metaspace       used 69077K, committed 69760K, reserved 1114112K
  class space    used 10052K, committed 10368K, reserved 1048576K
}
Event: 296.277 GC heap before
{Heap before GC invocations=25 (full 1):
 garbage-first heap   total 61440K, used 47635K [0x0000000082400000, 0x0000000100000000)
  region size 1024K, 25 young (25600K), 0 survivors (0K)
 Metaspace       used 69216K, committed 69824K, reserved 1114112K
  class space    used 10071K, committed 10368K, reserved 1048576K
}
Event: 296.288 GC heap after
{Heap after GC invocations=26 (full 1):
 garbage-first heap   total 61440K, used 24421K [0x0000000082400000, 0x0000000100000000)
  region size 1024K, 3 young (3072K), 3 survivors (3072K)
 Metaspace       used 69216K, committed 69824K, reserved 1114112K
  class space    used 10071K, committed 10368K, reserved 1048576K
}
Event: 296.750 GC heap before
{Heap before GC invocations=26 (full 1):
 garbage-first heap   total 61440K, used 45925K [0x0000000082400000, 0x0000000100000000)
  region size 1024K, 25 young (25600K), 3 survivors (3072K)
 Metaspace       used 69284K, committed 69824K, reserved 1114112K
  class space    used 10083K, committed 10368K, reserved 1048576K
}
Event: 296.760 GC heap after
{Heap after GC invocations=27 (full 1):
 garbage-first heap   total 61440K, used 27217K [0x0000000082400000, 0x0000000100000000)
  region size 1024K, 3 young (3072K), 3 survivors (3072K)
 Metaspace       used 69284K, committed 69824K, reserved 1114112K
  class space    used 10083K, committed 10368K, reserved 1048576K
}
Event: 297.151 GC heap before
{Heap before GC invocations=27 (full 1):
 garbage-first heap   total 61440K, used 39505K [0x0000000082400000, 0x0000000100000000)
  region size 1024K, 17 young (17408K), 3 survivors (3072K)
 Metaspace       used 69495K, committed 70080K, reserved 1114112K
  class space    used 10103K, committed 10368K, reserved 1048576K
}
Event: 297.160 GC heap after
{Heap after GC invocations=28 (full 1):
 garbage-first heap   total 73728K, used 28862K [0x0000000082400000, 0x0000000100000000)
  region size 1024K, 2 young (2048K), 2 survivors (2048K)
 Metaspace       used 69495K, committed 70080K, reserved 1114112K
  class space    used 10103K, committed 10368K, reserved 1048576K
}
Event: 308.104 GC heap before
{Heap before GC invocations=28 (full 1):
 garbage-first heap   total 73728K, used 56510K [0x0000000082400000, 0x0000000100000000)
  region size 1024K, 27 young (27648K), 2 survivors (2048K)
 Metaspace       used 69650K, committed 70272K, reserved 1114112K
  class space    used 10122K, committed 10432K, reserved 1048576K
}
Event: 308.111 GC heap after
{Heap after GC invocations=29 (full 1):
 garbage-first heap   total 73728K, used 33200K [0x0000000082400000, 0x0000000100000000)
  region size 1024K, 4 young (4096K), 4 survivors (4096K)
 Metaspace       used 69650K, committed 70272K, reserved 1114112K
  class space    used 10122K, committed 10432K, reserved 1048576K
}
Event: 308.273 GC heap before
{Heap before GC invocations=29 (full 1):
 garbage-first heap   total 73728K, used 34224K [0x0000000082400000, 0x0000000100000000)
  region size 1024K, 7 young (7168K), 4 survivors (4096K)
 Metaspace       used 69653K, committed 70272K, reserved 1114112K
  class space    used 10123K, committed 10432K, reserved 1048576K
}

