<?xml version="1.0" encoding="UTF-8"?>
<testsuite xmlns:xsi="http://www.w3.org/2001/XMLSchema-instance" xsi:noNamespaceSchemaLocation="https://maven.apache.org/surefire/maven-surefire-plugin/xsd/surefire-test-report.xsd" version="3.0.2" name="com.ecapybara.CarbonX.CarbonXApplicationTests" time="5.066" tests="1" errors="0" skipped="0" failures="0">
  <properties>
[...]
</properties>
  <testcase name="contextLoads" classname="com.ecapybara.CarbonX.CarbonXApplicationTests" time="0.525">
    <system-out><![CDATA[Standard Commons Logging discovery in action with spring-jcl: please remove commons-logging.jar from classpath in order to avoid potential conflicts
09:30:24.659 [main] INFO org.springframework.test.context.support.AnnotationConfigContextLoaderUtils -- Could not detect default configuration classes for test class [com.ecapybara.CarbonX.CarbonXApplicationTests]: CarbonXApplicationTests does not declare any static, non-private, non-final, nested classes annotated with @Configuration.
09:30:24.757 [main] INFO org.springframework.boot.test.context.SpringBootTestContextBootstrapper -- Found @SpringBootConfiguration com.ecapybara.CarbonX.CarbonXApplication for test class com.ecapybara.CarbonX.CarbonXApplicationTests
09:30:24.918 [main] INFO org.springframework.boot.devtools.restart.RestartApplicationListener -- Restart disabled due to context in which it is running

  .   ____          _            __ _ _
 /\\ / ___'_ __ _ _(_)_ __  __ _ \ \ \ \
( ( )\___ | '_ | '_| | '_ \/ _` | \ \ \ \
 \\/  ___)| |_)| | | | | || (_| |  ) ) ) )
  '  |____| .__|_| |_|_| |_\__, | / / / /
 =========|_|==============|___/=/_/_/_/

 :: Spring Boot ::                (v3.5.7)

2026-02-06 09:30:25 - c.e.CarbonX.CarbonXApplicationTests - Starting CarbonXApplicationTests using Java 21.0.7 with PID 35712 (started by luvyn in C:\Users\luvyn\carbonX-misfit-1-3\backend)
2026-02-06 09:30:25 - c.e.CarbonX.CarbonXApplicationTests - Running with Spring Boot v3.5.7, Spring v6.2.12
2026-02-06 09:30:25 - c.e.CarbonX.CarbonXApplicationTests - No active profile set, falling back to 1 default profile: "default"
2026-02-06 09:30:25 - o.s.d.r.c.RepositoryConfigurationDelegate - Bootstrapping Spring Data ArangoDB repositories in DEFAULT mode.
2026-02-06 09:30:26 - o.s.d.r.c.RepositoryConfigurationDelegate - Finished Spring Data repository scanning in 111 ms. Found 4 ArangoDB repository interfaces.
2026-02-06 09:30:26 - c.arangodb.internal.serde.SerdeUtils - Unsupported Jackson version: 2.19.2
2026-02-06 09:30:26 - c.arangodb.internal.serde.SerdeUtils - Unsupported Jackson version: 2.19.2
2026-02-06 09:30:28 - o.s.b.a.w.s.WelcomePageHandlerMapping - Adding welcome page template: index
2026-02-06 09:30:28 - c.e.CarbonX.CarbonXApplicationTests - Started CarbonXApplicationTests in 4.071 seconds (process running for 4.968)
]]></system-out>
    <system-err><![CDATA[Mockito is currently self-attaching to enable the inline-mock-maker. This will no longer work in future releases of the JDK. Please add Mockito as an agent to your build as described in Mockito's documentation: https://javadoc.io/doc/org.mockito/mockito-core/latest/org.mockito/org/mockito/Mockito.html#0.3
WARNING: A Java agent has been loaded dynamically (C:\Users\luvyn\.m2\repository\net\bytebuddy\byte-buddy-agent\1.17.8\byte-buddy-agent-1.17.8.jar)
WARNING: If a serviceability tool is in use, please run with -XX:+EnableDynamicAgentLoading to hide this warning
WARNING: If a serviceability tool is not in use, please run with -Djdk.instrument.traceUsage for more information
WARNING: Dynamic loading of agents will be disallowed by default in a future release
]]></system-err>
  </testcase>
</testsuite>